<?xml version="1.0" encoding="UTF-8"?>
<testng-results ignored="0" total="2" passed="2" failed="0" skipped="0">
  <reporter-output>
  </reporter-output>
  <suite started-at="2022-05-31T09:47:44 IST" name="Default suite" finished-at="2022-05-31T09:50:08 IST" duration-ms="144742">
    <groups>
      <group name="cucumber">
        <method signature="AbstractTestNGCucumberTests.runScenario(io.cucumber.testng.PickleWrapper,io.cucumber.testng.FeatureWrapper)[pri:0, instance:runner.Runner@3e58a80e]" name="runScenario" class="io.cucumber.testng.AbstractTestNGCucumberTests"/>
      </group> <!-- cucumber -->
    </groups>
    <test started-at="2022-05-31T09:47:44 IST" name="Default test" finished-at="2022-05-31T09:50:08 IST" duration-ms="144742">
      <class name="runner.Runner">
        <test-method is-config="true" signature="setUpClass()[pri:0, instance:runner.Runner@3e58a80e]" started-at="2022-05-31T09:47:44 IST" name="setUpClass" finished-at="2022-05-31T09:47:50 IST" duration-ms="6093" status="PASS">
          <reporter-output>
          </reporter-output>
        </test-method> <!-- setUpClass -->
        <test-method signature="runScenario(io.cucumber.testng.PickleWrapper,io.cucumber.testng.FeatureWrapper)[pri:0, instance:runner.Runner@3e58a80e]" started-at="2022-05-31T09:47:50 IST" name="runScenario" description="Runs Cucumber Scenarios" data-provider="scenarios" finished-at="2022-05-31T09:48:39 IST" duration-ms="49098" status="PASS">
          <params>
            <param index="0">
              <value>
                <![CDATA["Validate Vcentry Home Page"]]>
              </value>
            </param>
            <param index="1">
              <value>
                <![CDATA["Optional[Vcentry Login feature Application]"]]>
              </value>
            </param>
          </params>
          <reporter-output>
          </reporter-output>
        </test-method> <!-- runScenario -->
        <test-method signature="runScenario(io.cucumber.testng.PickleWrapper,io.cucumber.testng.FeatureWrapper)[pri:0, instance:runner.Runner@3e58a80e]" started-at="2022-05-31T09:48:39 IST" name="runScenario" description="Runs Cucumber Scenarios" data-provider="scenarios" finished-at="2022-05-31T09:49:10 IST" duration-ms="30545" status="PASS">
          <params>
            <param index="0">
              <value>
                <![CDATA["Validate Vcentry About Page"]]>
              </value>
            </param>
            <param index="1">
              <value>
                <![CDATA["Optional[Vcentry Login feature Application]"]]>
              </value>
            </param>
          </params>
          <reporter-output>
          </reporter-output>
        </test-method> <!-- runScenario -->
        <test-method is-config="true" signature="tearDownClass()[pri:0, instance:runner.Runner@3e58a80e]" started-at="2022-05-31T09:49:10 IST" name="tearDownClass" finished-at="2022-05-31T09:50:08 IST" duration-ms="58794" status="PASS">
          <reporter-output>
          </reporter-output>
        </test-method> <!-- tearDownClass -->
      </class> <!-- runner.Runner -->
    </test> <!-- Default test -->
  </suite> <!-- Default suite -->
</testng-results>
